<?xml version="1.0" encoding="UTF-8"?>
<!-- Generated by org.testng.reporters.JUnitReportReporter -->
<testsuite hostname="DESKTOP-QT7208L" failures="0" tests="1" name="testScript.SubCategoryTest" time="6.862" errors="0" timestamp="2025-03-04T10:59:45 IST" skipped="0">
  <testcase classname="testScript.SubCategoryTest" name="verifyWhetherUserIsAbleToRefreshSubCategoryPageUsingResetButton" time="6.862"/>
  <system-out/>
</testsuite> <!-- testScript.SubCategoryTest -->
