<?xml version="1.0" encoding="UTF-8"?>
<!-- Generated by org.testng.reporters.JUnitReportReporter -->
<testsuite hostname="DESKTOP-QT7208L" failures="0" tests="1" name="testScript.HomeTest" time="24.434" errors="0" timestamp="2025-03-05T15:00:39 IST" skipped="0">
  <testcase classname="testScript.HomeTest" name="verifyWhetherUserCanLogOutFromHomePageAfterLoginToThePage" time="24.434"/>
  <system-out/>
</testsuite> <!-- testScript.HomeTest -->
