<?xml version="1.0" encoding="UTF-8"?>
<!-- Generated by org.testng.reporters.JUnitReportReporter -->
<testsuite hostname="DESKTOP-QT7208L" failures="0" tests="1" name="testScript.HomeTest" time="6.130" errors="0" timestamp="2025-03-04T10:13:38 IST" skipped="0">
  <testcase classname="testScript.HomeTest" name="verifyWhetherUserCanLogOutFromHomePageAfterLoginToThePage" time="6.130"/>
  <system-out/>
</testsuite> <!-- testScript.HomeTest -->
