<?xml version="1.0" encoding="UTF-8"?>
<!-- Generated by org.testng.reporters.JUnitReportReporter -->
<testsuite hostname="DESKTOP-QT7208L" failures="0" tests="1" name="testScript.AdminUserTest" time="7.007" errors="0" timestamp="2025-03-18T14:37:49 IST" skipped="0">
  <testcase classname="testScript.AdminUserTest" name="verifyUsersIsAbleToRefreshNewlyAddedUsersPageUsingResetButton" time="7.007"/>
</testsuite> <!-- testScript.AdminUserTest -->
