<?xml version="1.0" encoding="UTF-8"?>
<!-- Generated by org.testng.reporters.JUnitReportReporter -->
<testsuite hostname="DESKTOP-QT7208L" failures="0" tests="1" name="testScript.LoginTest" time="5.713" errors="0" timestamp="2025-03-04T09:40:37 IST" skipped="0">
  <testcase classname="testScript.LoginTest" name="verifyUserLoginWithInvalidUsernameAndInvalidPassword" time="5.713"/>
  <system-out/>
</testsuite> <!-- testScript.LoginTest -->
