<?xml version="1.0" encoding="UTF-8"?>
<!-- Generated by org.testng.reporters.JUnitReportReporter -->
<testsuite hostname="DESKTOP-QT7208L" failures="0" tests="3" name="testScript.SubCategoryTest" time="19.794" errors="0" timestamp="2025-03-06T13:08:53 IST" skipped="0">
  <testcase classname="testScript.SubCategoryTest" name="verifyWhetherUserIsAbleToAddNewSubCategoryItemsToSubCategoryList" time="7.011"/>
  <system-out/>
  <testcase classname="testScript.SubCategoryTest" name="verifyWhetherUserIsAbleToSearchNewlyAddedSubCategoryItemsFromSubCategoryList" time="8.593"/>
  <system-out/>
  <testcase classname="testScript.SubCategoryTest" name="verifyWhetherUserIsAbleToRefreshSubCategoryPageUsingResetButton" time="4.190"/>
  <system-out/>
</testsuite> <!-- testScript.SubCategoryTest -->
