<?xml version="1.0" encoding="UTF-8"?>
<!-- Generated by org.testng.reporters.JUnitReportReporter -->
<testsuite hostname="DESKTOP-QT7208L" failures="0" tests="1" name="testScript.HomeTest" time="14.770" errors="0" timestamp="2025-03-17T14:49:04 IST" skipped="0">
  <testcase classname="testScript.HomeTest" name="verifyWhetherUserCanLogOutFromHomePageAfterLoginToThePage" time="14.770"/>
</testsuite> <!-- testScript.HomeTest -->
