<?xml version="1.0" encoding="UTF-8"?>
<!-- Generated by org.testng.reporters.JUnitReportReporter -->
<testsuite hostname="DESKTOP-QT7208L" failures="0" tests="2" name="testScript.HomeTest" time="19.090" errors="0" timestamp="2025-03-21T15:02:46 IST" skipped="1">
  <testcase classname="testScript.HomeTest" name="verifyWhetherUserCanLogOutFromHomePageAfterLoginToThePage" time="13.982"/>
  <testcase classname="testScript.HomeTest" name="verifyWhetherUserCanLogOutFromHomePageAfterLoginToThePage" time="5.108">
    <skipped/>
  </testcase> <!-- verifyWhetherUserCanLogOutFromHomePageAfterLoginToThePage -->
</testsuite> <!-- testScript.HomeTest -->
