<?xml version="1.0" encoding="UTF-8"?>
<!-- Generated by org.testng.reporters.JUnitReportReporter -->
<testsuite hostname="DESKTOP-QT7208L" failures="0" tests="1" name="testScript.ManageNewsTest" time="6.492" errors="0" timestamp="2025-03-18T11:14:07 IST" skipped="0">
  <testcase classname="testScript.ManageNewsTest" name="verifyWhetherUserIsAbleToRefreshManageNewsPageUsingResetButton" time="6.492"/>
</testsuite> <!-- testScript.ManageNewsTest -->
