<?xml version="1.0" encoding="UTF-8"?>
<!-- Generated by org.testng.reporters.JUnitReportReporter -->
<testsuite hostname="DESKTOP-QT7208L" failures="0" tests="1" name="testScript.AdminUserTest" time="28.844" errors="0" timestamp="2025-03-05T10:22:56 IST" skipped="0">
  <testcase classname="testScript.AdminUserTest" name="verifyWhetherUsersIsAbleToSearchNewlyAddedUsersInTheNewlyAddedUsersList" time="28.844"/>
  <system-out/>
</testsuite> <!-- testScript.AdminUserTest -->
