<?xml version="1.0" encoding="UTF-8"?>
<!-- Generated by org.testng.reporters.JUnitReportReporter -->
<testsuite hostname="DESKTOP-QT7208L" failures="0" tests="3" name="testScript.AdminUserTest" time="45.963" errors="0" timestamp="2025-03-10T14:44:26 IST" skipped="0">
  <testcase classname="testScript.AdminUserTest" name="verifyWhetherUserIsAbleToAddNewUsersToUsersList" time="19.849"/>
  <testcase classname="testScript.AdminUserTest" name="verifyWhetherUserIsAbleToAddNewUsersToUsersList" time="11.202"/>
  <testcase classname="testScript.AdminUserTest" name="verifyWhetherUserIsAbleToAddNewUsersToUsersList" time="14.912"/>
</testsuite> <!-- testScript.AdminUserTest -->
