<?xml version="1.0" encoding="UTF-8"?>
<!-- Generated by org.testng.reporters.JUnitReportReporter -->
<testsuite hostname="DESKTOP-QT7208L" failures="0" tests="1" name="testScript.SubCategoryTest" time="13.174" errors="0" timestamp="2025-03-19T15:41:36 IST" skipped="0">
  <testcase classname="testScript.SubCategoryTest" name="verifyWhetherUserIsAbleToSearchNewlyAddedSubCategoryItemsFromSubCategoryList" time="13.174"/>
</testsuite> <!-- testScript.SubCategoryTest -->
