<?xml version="1.0" encoding="UTF-8"?>
<!-- Generated by org.testng.reporters.JUnitReportReporter -->
<testsuite hostname="DESKTOP-QT7208L" failures="0" tests="1" name="testScript.AdminUserTest" time="8.661" errors="0" timestamp="2025-03-04T11:40:51 IST" skipped="0">
  <testcase classname="testScript.AdminUserTest" name="verifyUsersIsAbleToRefreshNewlyAddedUsersPageUsingResetButton" time="8.661"/>
  <system-out/>
</testsuite> <!-- testScript.AdminUserTest -->
