<?xml version="1.0" encoding="UTF-8"?>
<!-- Generated by org.testng.reporters.JUnitReportReporter -->
<testsuite hostname="DESKTOP-QT7208L" failures="0" tests="3" name="testScript.AdminUserTest" time="31.844" errors="0" timestamp="2025-03-22T11:54:57 IST" skipped="0">
  <testcase classname="testScript.AdminUserTest" name="verifyWhetherUserIsAbleToAddNewUsersToUsersList" time="22.041"/>
  <testcase classname="testScript.AdminUserTest" name="verifyWhetherUsersIsAbleToSearchNewlyAddedUsersInTheNewlyAddedUsersList" time="5.224"/>
  <testcase classname="testScript.AdminUserTest" name="verifyUsersIsAbleToRefreshNewlyAddedUsersPageUsingResetButton" time="4.579"/>
</testsuite> <!-- testScript.AdminUserTest -->
