<?xml version="1.0" encoding="UTF-8"?>
<!-- Generated by org.testng.reporters.JUnitReportReporter -->
<testsuite hostname="DESKTOP-QT7208L" failures="0" tests="4" name="testScript.LoginTest" time="69.779" errors="0" timestamp="2025-03-06T14:27:20 IST" skipped="0">
  <testcase classname="testScript.LoginTest" name="verifyUserLoginWithValidUsernameAndValidPassword" time="10.460"/>
  <system-out/>
  <testcase classname="testScript.LoginTest" name="verifyUserLoginWithInvalidUsernameAndInvalidPassword" time="39.776"/>
  <system-out/>
  <testcase classname="testScript.LoginTest" name="verifyUserLoginWithInvalidUsernameAndvalidPassword" time="9.122"/>
  <system-out/>
  <testcase classname="testScript.LoginTest" name="verifyUserLoginWithValidUsernameAndInvalidPassword" time="10.421"/>
  <system-out/>
</testsuite> <!-- testScript.LoginTest -->
